10:59:46.505 [main] INFO  z.s.StockDividendApplication - Starting StockDividendApplication using Java 17.0.11 with PID 21660 (C:\Users\USER\intellij_project\stockDividend\build\classes\java\main started by USER in C:\Users\USER\intellij_project\stockDividend)
10:59:46.507 [main] INFO  z.s.StockDividendApplication - No active profile set, falling back to 1 default profile: "default"
10:59:47.154 [main] INFO  o.s.d.r.c.RepositoryConfigurationDelegate - Multiple Spring Data modules found, entering strict repository configuration mode
10:59:47.155 [main] INFO  o.s.d.r.c.RepositoryConfigurationDelegate - Bootstrapping Spring Data JPA repositories in DEFAULT mode.
10:59:47.301 [main] INFO  o.s.d.r.c.RepositoryConfigurationDelegate - Finished Spring Data repository scanning in 138 ms. Found 3 JPA repository interfaces.
10:59:47.316 [main] INFO  o.s.d.r.c.RepositoryConfigurationDelegate - Multiple Spring Data modules found, entering strict repository configuration mode
10:59:47.317 [main] INFO  o.s.d.r.c.RepositoryConfigurationDelegate - Bootstrapping Spring Data Redis repositories in DEFAULT mode.
10:59:47.329 [main] INFO  o.s.d.r.c.RepositoryConfigurationExtensionSupport - Spring Data Redis - Could not safely identify store assignment for repository candidate interface zerobase.stockdividend.persist.repository.CompanyRepository; If you want this repository to be a Redis repository, consider annotating your entities with one of these annotations: org.springframework.data.redis.core.RedisHash (preferred), or consider extending one of the following types with your repository: org.springframework.data.keyvalue.repository.KeyValueRepository
10:59:47.331 [main] INFO  o.s.d.r.c.RepositoryConfigurationExtensionSupport - Spring Data Redis - Could not safely identify store assignment for repository candidate interface zerobase.stockdividend.persist.repository.DividendRepository; If you want this repository to be a Redis repository, consider annotating your entities with one of these annotations: org.springframework.data.redis.core.RedisHash (preferred), or consider extending one of the following types with your repository: org.springframework.data.keyvalue.repository.KeyValueRepository
10:59:47.331 [main] INFO  o.s.d.r.c.RepositoryConfigurationExtensionSupport - Spring Data Redis - Could not safely identify store assignment for repository candidate interface zerobase.stockdividend.persist.repository.MemberRepository; If you want this repository to be a Redis repository, consider annotating your entities with one of these annotations: org.springframework.data.redis.core.RedisHash (preferred), or consider extending one of the following types with your repository: org.springframework.data.keyvalue.repository.KeyValueRepository
10:59:47.331 [main] INFO  o.s.d.r.c.RepositoryConfigurationDelegate - Finished Spring Data repository scanning in 5 ms. Found 0 Redis repository interfaces.
10:59:47.855 [main] INFO  o.s.b.w.e.tomcat.TomcatWebServer - Tomcat initialized with port 8080 (http)
10:59:47.864 [main] INFO  o.a.coyote.http11.Http11NioProtocol - Initializing ProtocolHandler ["http-nio-8080"]
10:59:47.865 [main] INFO  o.a.catalina.core.StandardService - Starting service [Tomcat]
10:59:47.866 [main] INFO  o.a.catalina.core.StandardEngine - Starting Servlet engine: [Apache Tomcat/10.1.25]
10:59:47.931 [main] INFO  o.a.c.c.C.[Tomcat].[localhost].[/] - Initializing Spring embedded WebApplicationContext
10:59:47.931 [main] INFO  o.s.b.w.s.c.ServletWebServerApplicationContext - Root WebApplicationContext: initialization completed in 1391 ms
10:59:47.955 [main] INFO  com.zaxxer.hikari.HikariDataSource - HikariPool-1 - Starting...
10:59:48.144 [main] INFO  com.zaxxer.hikari.pool.HikariPool - HikariPool-1 - Added connection conn0: url=jdbc:h2:mem:stock user=SA
10:59:48.146 [main] INFO  com.zaxxer.hikari.HikariDataSource - HikariPool-1 - Start completed.
10:59:48.154 [main] INFO  o.s.b.a.h.H2ConsoleAutoConfiguration - H2 console available at '/h2-console'. Database available at 'jdbc:h2:mem:stock'
10:59:48.239 [main] INFO  o.h.jpa.internal.util.LogHelper - HHH000204: Processing PersistenceUnitInfo [name: default]
10:59:48.300 [main] INFO  org.hibernate.Version - HHH000412: Hibernate ORM core version 6.5.2.Final
10:59:48.335 [main] INFO  o.h.c.i.RegionFactoryInitiator - HHH000026: Second-level cache disabled
10:59:48.616 [main] INFO  o.s.o.j.p.SpringPersistenceUnitInfo - No LoadTimeWeaver setup: ignoring JPA class transformer
10:59:49.486 [main] INFO  o.h.e.t.j.p.i.JtaPlatformInitiator - HHH000489: No JTA platform available (set 'hibernate.transaction.jta.platform' to enable JTA platform integration)
10:59:49.551 [main] INFO  o.s.o.j.LocalContainerEntityManagerFactoryBean - Initialized JPA EntityManagerFactory for persistence unit 'default'
10:59:50.191 [main] WARN  o.s.b.a.o.j.JpaBaseConfiguration$JpaWebConfiguration - spring.jpa.open-in-view is enabled by default. Therefore, database queries may be performed during view rendering. Explicitly configure spring.jpa.open-in-view to disable this warning
10:59:50.212 [main] INFO  o.s.s.c.a.a.c.InitializeUserDetailsBeanManagerConfigurer$InitializeUserDetailsManagerConfigurer - Global AuthenticationManager configured with UserDetailsService bean with name memberService
10:59:50.468 [main] WARN  o.s.s.c.a.web.builders.WebSecurity - You are asking Spring Security to ignore Deferred [Mvc [pattern='/h2-console/**'], Ant [pattern='/h2-console/**']]. This is not recommended -- please use permitAll via HttpSecurity#authorizeHttpRequests instead.
10:59:50.772 [main] INFO  o.a.coyote.http11.Http11NioProtocol - Starting ProtocolHandler ["http-nio-8080"]
10:59:50.796 [main] INFO  o.s.b.w.e.tomcat.TomcatWebServer - Tomcat started on port 8080 (http) with context path '/'
10:59:50.805 [main] INFO  z.s.StockDividendApplication - Started StockDividendApplication in 4.691 seconds (process running for 5.171)
11:19:21.500 [http-nio-8080-exec-1] INFO  o.a.c.c.C.[Tomcat].[localhost].[/] - Initializing Spring DispatcherServlet 'dispatcherServlet'
11:19:21.500 [http-nio-8080-exec-1] INFO  o.s.web.servlet.DispatcherServlet - Initializing Servlet 'dispatcherServlet'
11:19:21.503 [http-nio-8080-exec-1] INFO  o.s.web.servlet.DispatcherServlet - Completed initialization in 3 ms
11:19:21.535 [http-nio-8080-exec-1] INFO  z.s.security.JwtAuthenticationFilter - JWT Token: null
11:19:21.535 [http-nio-8080-exec-1] WARN  z.s.security.JwtAuthenticationFilter - JWT Token is invalid
11:19:36.696 [http-nio-8080-exec-6] INFO  z.s.security.JwtAuthenticationFilter - JWT Token: null
11:19:36.696 [http-nio-8080-exec-6] WARN  z.s.security.JwtAuthenticationFilter - JWT Token is invalid
11:19:36.883 [http-nio-8080-exec-6] INFO  z.stockdividend.web.AuthController - user login -> grace
11:20:10.803 [http-nio-8080-exec-7] INFO  z.s.security.JwtAuthenticationFilter - JWT Token: eyJhbGciOiJIUzUxMiJ9.eyJzdWIiOiJncmFjZSIsInJvbGVzIjpbIlJPTEVfUkVBRCIsIlJPTEVfV1JJVEUiXSwiaWF0IjoxNzIwNDEyNTYxLCJleHAiOjE3MjA0MTYxNjF9.rvSWKbFlgBkl0-vxXZyBhyXpwKiVN_by56utcIbRwbC--ZJPe6Ma4cLikU6BxClr3WLfMOE68m5jFvxdvfPAXw
11:20:10.830 [http-nio-8080-exec-7] ERROR z.s.security.TokenProvider - 토큰 정보 에러 = JWT expired at 2024-07-08T14:22:41Z. Current time: 2024-07-09T11:20:10Z, a difference of 75449830 milliseconds.  Allowed clock skew: 0 milliseconds.
11:20:10.830 [http-nio-8080-exec-7] WARN  z.s.security.JwtAuthenticationFilter - JWT Token is invalid
11:20:23.640 [http-nio-8080-exec-3] INFO  z.s.security.JwtAuthenticationFilter - JWT Token: eyJhbGciOiJIUzUxMiJ9.eyJzdWIiOiJncmFjZSIsInJvbGVzIjpbIlJPTEVfUkVBRCIsIlJPTEVfV1JJVEUiXSwiaWF0IjoxNzIwNDkxNTc2LCJleHAiOjE3MjA0OTUxNzZ9.9OT0wVA0HTytaeQe6Cp4oF1UX8_kPT6S5SK0TS_-y9z3ejKRSpG-6-gQ1M5J4n--BSMeQDAomOgvPAxquRY0Gw
11:20:23.680 [http-nio-8080-exec-3] INFO  z.s.security.JwtAuthenticationFilter - Authentication: UsernamePasswordAuthenticationToken [Principal=MemberEntity(id=1, username=grace, password=$2a$10$qh7Vlxmi3L8QEdetDqdkjeHVG.BhD5lHa77krTPQ61HPNjyFWzKxm, roles=[ROLE_READ, ROLE_WRITE]), Credentials=[PROTECTED], Authenticated=true, Details=null, Granted Authorities=[ROLE_READ, ROLE_WRITE]]
11:20:23.684 [http-nio-8080-exec-3] INFO  z.s.security.JwtAuthenticationFilter - [grace] -> /company
11:23:32.776 [SpringApplicationShutdownHook] INFO  o.s.o.j.LocalContainerEntityManagerFactoryBean - Closing JPA EntityManagerFactory for persistence unit 'default'
11:23:32.780 [SpringApplicationShutdownHook] INFO  com.zaxxer.hikari.HikariDataSource - HikariPool-1 - Shutdown initiated...
11:23:32.780 [SpringApplicationShutdownHook] INFO  com.zaxxer.hikari.HikariDataSource - HikariPool-1 - Shutdown completed.
